Determining if the pthread_create exist failed with the following output:
Change Dir: /home/zhuwentao/Desktop/scudb_initial/scudb_initial/scudb_initial/build/CMakeFiles/CMakeTmp

Run Build Command:"/usr/bin/make" "cmTC_25357/fast"
/usr/bin/make -f CMakeFiles/cmTC_25357.dir/build.make CMakeFiles/cmTC_25357.dir/build
make[1]: 进入目录“/home/zhuwentao/Desktop/scudb_initial/scudb_initial/scudb_initial/build/CMakeFiles/CMakeTmp”
Building C object CMakeFiles/cmTC_25357.dir/CheckSymbolExists.c.o
/usr/bin/cc    -o CMakeFiles/cmTC_25357.dir/CheckSymbolExists.c.o   -c /home/zhuwentao/Desktop/scudb_initial/scudb_initial/scudb_initial/build/CMakeFiles/CMakeTmp/CheckSymbolExists.c
Linking C executable cmTC_25357
/usr/bin/cmake -E cmake_link_script CMakeFiles/cmTC_25357.dir/link.txt --verbose=1
/usr/bin/cc      -rdynamic CMakeFiles/cmTC_25357.dir/CheckSymbolExists.c.o  -o cmTC_25357 
/usr/bin/ld: CMakeFiles/cmTC_25357.dir/CheckSymbolExists.c.o: in function `main':
CheckSymbolExists.c:(.text+0x16): undefined reference to `pthread_create'
collect2: error: ld returned 1 exit status
make[1]: *** [CMakeFiles/cmTC_25357.dir/build.make:87：cmTC_25357] 错误 1
make[1]: 离开目录“/home/zhuwentao/Desktop/scudb_initial/scudb_initial/scudb_initial/build/CMakeFiles/CMakeTmp”
make: *** [Makefile:121：cmTC_25357/fast] 错误 2

File /home/zhuwentao/Desktop/scudb_initial/scudb_initial/scudb_initial/build/CMakeFiles/CMakeTmp/CheckSymbolExists.c:
/* */
#include <pthread.h>

int main(int argc, char** argv)
{
  (void)argv;
#ifndef pthread_create
  return ((int*)(&pthread_create))[argc];
#else
  (void)argc;
  return 0;
#endif
}

Determining if the function pthread_create exists in the pthreads failed with the following output:
Change Dir: /home/zhuwentao/Desktop/scudb_initial/scudb_initial/scudb_initial/build/CMakeFiles/CMakeTmp

Run Build Command:"/usr/bin/make" "cmTC_af86b/fast"
/usr/bin/make -f CMakeFiles/cmTC_af86b.dir/build.make CMakeFiles/cmTC_af86b.dir/build
make[1]: 进入目录“/home/zhuwentao/Desktop/scudb_initial/scudb_initial/scudb_initial/build/CMakeFiles/CMakeTmp”
Building C object CMakeFiles/cmTC_af86b.dir/CheckFunctionExists.c.o
/usr/bin/cc   -DCHECK_FUNCTION_EXISTS=pthread_create   -o CMakeFiles/cmTC_af86b.dir/CheckFunctionExists.c.o   -c /usr/share/cmake-3.13/Modules/CheckFunctionExists.c
Linking C executable cmTC_af86b
/usr/bin/cmake -E cmake_link_script CMakeFiles/cmTC_af86b.dir/link.txt --verbose=1
/usr/bin/cc  -DCHECK_FUNCTION_EXISTS=pthread_create    -rdynamic CMakeFiles/cmTC_af86b.dir/CheckFunctionExists.c.o  -o cmTC_af86b -lpthreads 
/usr/bin/ld: 找不到 -lpthreads
collect2: error: ld returned 1 exit status
make[1]: *** [CMakeFiles/cmTC_af86b.dir/build.make:87：cmTC_af86b] 错误 1
make[1]: 离开目录“/home/zhuwentao/Desktop/scudb_initial/scudb_initial/scudb_initial/build/CMakeFiles/CMakeTmp”
make: *** [Makefile:121：cmTC_af86b/fast] 错误 2


