Determining if the pthread_create exist failed with the following output:
Change Dir: /data/home/zhuwentao/sqlite/scudb_initial/scudb_initial/scudb_initial/build/CMakeFiles/CMakeTmp

Run Build Command:"/usr/bin/make" "cmTC_e5703/fast"
/usr/bin/make -f CMakeFiles/cmTC_e5703.dir/build.make CMakeFiles/cmTC_e5703.dir/build
make[1]: 进入目录“/data/home/zhuwentao/sqlite/scudb_initial/scudb_initial/scudb_initial/build/CMakeFiles/CMakeTmp”
Building C object CMakeFiles/cmTC_e5703.dir/CheckSymbolExists.c.o
/usr/bin/cc    -o CMakeFiles/cmTC_e5703.dir/CheckSymbolExists.c.o   -c /data/home/zhuwentao/sqlite/scudb_initial/scudb_initial/scudb_initial/build/CMakeFiles/CMakeTmp/CheckSymbolExists.c
Linking C executable cmTC_e5703
/usr/bin/cmake -E cmake_link_script CMakeFiles/cmTC_e5703.dir/link.txt --verbose=1
/usr/bin/cc      -rdynamic CMakeFiles/cmTC_e5703.dir/CheckSymbolExists.c.o  -o cmTC_e5703 
/usr/bin/ld: CMakeFiles/cmTC_e5703.dir/CheckSymbolExists.c.o: in function `main':
CheckSymbolExists.c:(.text+0x16): undefined reference to `pthread_create'
collect2: error: ld returned 1 exit status
make[1]: *** [CMakeFiles/cmTC_e5703.dir/build.make:87：cmTC_e5703] 错误 1
make[1]: 离开目录“/data/home/zhuwentao/sqlite/scudb_initial/scudb_initial/scudb_initial/build/CMakeFiles/CMakeTmp”
make: *** [Makefile:121：cmTC_e5703/fast] 错误 2

File /data/home/zhuwentao/sqlite/scudb_initial/scudb_initial/scudb_initial/build/CMakeFiles/CMakeTmp/CheckSymbolExists.c:
/* */
#include <pthread.h>

int main(int argc, char** argv)
{
  (void)argv;
#ifndef pthread_create
  return ((int*)(&pthread_create))[argc];
#else
  (void)argc;
  return 0;
#endif
}

Determining if the function pthread_create exists in the pthreads failed with the following output:
Change Dir: /data/home/zhuwentao/sqlite/scudb_initial/scudb_initial/scudb_initial/build/CMakeFiles/CMakeTmp

Run Build Command:"/usr/bin/make" "cmTC_5c7d5/fast"
/usr/bin/make -f CMakeFiles/cmTC_5c7d5.dir/build.make CMakeFiles/cmTC_5c7d5.dir/build
make[1]: 进入目录“/data/home/zhuwentao/sqlite/scudb_initial/scudb_initial/scudb_initial/build/CMakeFiles/CMakeTmp”
Building C object CMakeFiles/cmTC_5c7d5.dir/CheckFunctionExists.c.o
/usr/bin/cc   -DCHECK_FUNCTION_EXISTS=pthread_create   -o CMakeFiles/cmTC_5c7d5.dir/CheckFunctionExists.c.o   -c /usr/share/cmake-3.13/Modules/CheckFunctionExists.c
Linking C executable cmTC_5c7d5
/usr/bin/cmake -E cmake_link_script CMakeFiles/cmTC_5c7d5.dir/link.txt --verbose=1
/usr/bin/cc  -DCHECK_FUNCTION_EXISTS=pthread_create    -rdynamic CMakeFiles/cmTC_5c7d5.dir/CheckFunctionExists.c.o  -o cmTC_5c7d5 -lpthreads 
/usr/bin/ld: 找不到 -lpthreads
collect2: error: ld returned 1 exit status
make[1]: *** [CMakeFiles/cmTC_5c7d5.dir/build.make:87：cmTC_5c7d5] 错误 1
make[1]: 离开目录“/data/home/zhuwentao/sqlite/scudb_initial/scudb_initial/scudb_initial/build/CMakeFiles/CMakeTmp”
make: *** [Makefile:121：cmTC_5c7d5/fast] 错误 2


